This file contains any messages produced by compilers while
running configure, to aid debugging if configure makes a mistake.

It was created by configure, which was
generated by GNU Autoconf 2.68.  Invocation command line was

  $ ./configure 

## --------- ##
## Platform. ##
## --------- ##

hostname = stravinsky.tim.linglan.net
uname -m = x86_64
uname -r = 3.3.4-3.fc16.x86_64
uname -s = Linux
uname -v = #1 SMP Thu May 3 14:46:44 UTC 2012

/usr/bin/uname -p = unknown
/bin/uname -X     = unknown

/bin/arch              = x86_64
/usr/bin/arch -k       = unknown
/usr/convex/getsysinfo = unknown
/usr/bin/hostinfo      = unknown
/bin/machine           = unknown
/usr/bin/oslevel       = unknown
/bin/universe          = unknown

PATH: .
PATH: /bin
PATH: /sbin
PATH: /usr/bin
PATH: /usr/sbin
PATH: /usr/local/bin


## ----------- ##
## Core tests. ##
## ----------- ##

configure:2452: checking build system type
configure:2466: result: x86_64-unknown-linux-gnu
configure:2486: checking host system type
configure:2499: result: x86_64-unknown-linux-gnu
configure:2519: checking target system type
configure:2532: result: x86_64-unknown-linux-gnu
configure:2624: checking for gcc
configure:2640: found /usr/bin/gcc
configure:2651: result: gcc
configure:2880: checking for C compiler version
configure:2889: gcc --version >&5
gcc (GCC) 4.6.3 20120306 (Red Hat 4.6.3-2)
Copyright (C) 2011 Free Software Foundation, Inc.
This is free software; see the source for copying conditions.  There is NO
warranty; not even for MERCHANTABILITY or FITNESS FOR A PARTICULAR PURPOSE.

configure:2900: $? = 0
configure:2889: gcc -v >&5
Using built-in specs.
COLLECT_GCC=gcc
COLLECT_LTO_WRAPPER=/usr/libexec/gcc/x86_64-redhat-linux/4.6.3/lto-wrapper
Target: x86_64-redhat-linux
Configured with: ../configure --prefix=/usr --mandir=/usr/share/man --infodir=/usr/share/info --with-bugurl=http://bugzilla.redhat.com/bugzilla --enable-bootstrap --enable-shared --enable-threads=posix --enable-checking=release --with-system-zlib --enable-__cxa_atexit --disable-libunwind-exceptions --enable-gnu-unique-object --enable-linker-build-id --enable-languages=c,c++,objc,obj-c++,java,fortran,ada,go,lto --enable-plugin --enable-java-awt=gtk --disable-dssi --with-java-home=/usr/lib/jvm/java-1.5.0-gcj-1.5.0.0/jre --enable-libgcj-multifile --enable-java-maintainer-mode --with-ecj-jar=/usr/share/java/eclipse-ecj.jar --disable-libjava-multilib --with-ppl --with-cloog --with-tune=generic --with-arch_32=i686 --build=x86_64-redhat-linux
Thread model: posix
gcc version 4.6.3 20120306 (Red Hat 4.6.3-2) (GCC) 
configure:2900: $? = 0
configure:2889: gcc -V >&5
gcc: error: unrecognized option '-V'
gcc: fatal error: no input files
compilation terminated.
configure:2900: $? = 4
configure:2889: gcc -qversion >&5
gcc: error: unrecognized option '-qversion'
gcc: fatal error: no input files
compilation terminated.
configure:2900: $? = 4
configure:2920: checking whether the C compiler works
configure:2942: gcc -g   conftest.c  >&5
configure:2946: $? = 0
configure:2994: result: yes
configure:2997: checking for C compiler default output file name
configure:2999: result: a.out
configure:3005: checking for suffix of executables
configure:3012: gcc -o conftest -g   conftest.c  >&5
configure:3016: $? = 0
configure:3038: result: 
configure:3060: checking whether we are cross compiling
configure:3068: gcc -o conftest -g   conftest.c  >&5
configure:3072: $? = 0
configure:3079: ./conftest
configure:3083: $? = 0
configure:3098: result: no
configure:3103: checking for suffix of object files
configure:3125: gcc -c -g  conftest.c >&5
configure:3129: $? = 0
configure:3150: result: o
configure:3154: checking whether we are using the GNU C compiler
configure:3173: gcc -c -g  conftest.c >&5
configure:3173: $? = 0
configure:3182: result: yes
configure:3191: checking whether gcc accepts -g
configure:3211: gcc -c -g  conftest.c >&5
configure:3211: $? = 0
configure:3252: result: yes
configure:3269: checking for gcc option to accept ISO C89
configure:3333: gcc  -c -g  conftest.c >&5
configure:3333: $? = 0
configure:3346: result: none needed
configure:3371: checking how to run the C preprocessor
configure:3402: gcc -E  conftest.c
configure:3402: $? = 0
configure:3416: gcc -E  conftest.c
conftest.c:11:28: fatal error: ac_nonexistent.h: No such file or directory
compilation terminated.
configure:3416: $? = 1
configure: failed program was:
| /* confdefs.h */
| #define PACKAGE_NAME ""
| #define PACKAGE_TARNAME ""
| #define PACKAGE_VERSION ""
| #define PACKAGE_STRING ""
| #define PACKAGE_BUGREPORT ""
| #define PACKAGE_URL ""
| #define MAGIC_VERSION "8.1"
| #define MAGIC_REVISION "1"
| /* end confdefs.h.  */
| #include <ac_nonexistent.h>
configure:3441: result: gcc -E
configure:3461: gcc -E  conftest.c
configure:3461: $? = 0
configure:3475: gcc -E  conftest.c
conftest.c:11:28: fatal error: ac_nonexistent.h: No such file or directory
compilation terminated.
configure:3475: $? = 1
configure: failed program was:
| /* confdefs.h */
| #define PACKAGE_NAME ""
| #define PACKAGE_TARNAME ""
| #define PACKAGE_VERSION ""
| #define PACKAGE_STRING ""
| #define PACKAGE_BUGREPORT ""
| #define PACKAGE_URL ""
| #define MAGIC_VERSION "8.1"
| #define MAGIC_REVISION "1"
| /* end confdefs.h.  */
| #include <ac_nonexistent.h>
configure:3504: checking for library containing strerror
configure:3535: gcc -o conftest -g   conftest.c  >&5
configure:3535: $? = 0
configure:3552: result: none required
configure:3574: checking for a BSD-compatible install
configure:3642: result: /usr/bin/install -c
configure:3696: checking for ranlib
configure:3712: found /usr/bin/ranlib
configure:3723: result: ranlib
configure:3750: checking for gm4
configure:3783: result: no
configure:3750: checking for gnum4
configure:3783: result: no
configure:3750: checking for m4
configure:3768: found /usr/bin/m4
configure:3780: result: /usr/bin/m4
configure:3821: checking for ld used by GCC
configure:3884: result: /usr/bin/ld
configure:3891: checking if the linker (/usr/bin/ld) is GNU ld
GNU ld version 2.21.53.0.1-6.fc16 20110716
configure:3903: result: yes
configure:3910: checking for grep that handles long lines and -e
configure:3968: result: /bin/grep
configure:3973: checking for egrep
configure:4035: result: /bin/grep -E
configure:4040: checking for ANSI C header files
configure:4060: gcc -c -g  conftest.c >&5
configure:4060: $? = 0
configure:4133: gcc -o conftest -g   conftest.c  >&5
configure:4133: $? = 0
configure:4133: ./conftest
configure:4133: $? = 0
configure:4144: result: yes
configure:4157: checking for sys/types.h
configure:4157: gcc -c -g  conftest.c >&5
configure:4157: $? = 0
configure:4157: result: yes
configure:4157: checking for sys/stat.h
configure:4157: gcc -c -g  conftest.c >&5
configure:4157: $? = 0
configure:4157: result: yes
configure:4157: checking for stdlib.h
configure:4157: gcc -c -g  conftest.c >&5
configure:4157: $? = 0
configure:4157: result: yes
configure:4157: checking for string.h
configure:4157: gcc -c -g  conftest.c >&5
configure:4157: $? = 0
configure:4157: result: yes
configure:4157: checking for memory.h
configure:4157: gcc -c -g  conftest.c >&5
configure:4157: $? = 0
configure:4157: result: yes
configure:4157: checking for strings.h
configure:4157: gcc -c -g  conftest.c >&5
configure:4157: $? = 0
configure:4157: result: yes
configure:4157: checking for inttypes.h
configure:4157: gcc -c -g  conftest.c >&5
configure:4157: $? = 0
configure:4157: result: yes
configure:4157: checking for stdint.h
configure:4157: gcc -c -g  conftest.c >&5
configure:4157: $? = 0
configure:4157: result: yes
configure:4157: checking for unistd.h
configure:4157: gcc -c -g  conftest.c >&5
configure:4157: $? = 0
configure:4157: result: yes
configure:4173: checking size of void *
configure:4178: gcc -o conftest -g   conftest.c  >&5
configure:4178: $? = 0
configure:4178: ./conftest
configure:4178: $? = 0
configure:4192: result: 8
configure:4206: checking size of unsigned int
configure:4211: gcc -o conftest -g   conftest.c  >&5
configure:4211: $? = 0
configure:4211: ./conftest
configure:4211: $? = 0
configure:4225: result: 4
configure:4239: checking size of unsigned long
configure:4244: gcc -o conftest -g   conftest.c  >&5
configure:4244: $? = 0
configure:4244: ./conftest
configure:4244: $? = 0
configure:4258: result: 8
configure:4272: checking size of unsigned long long
configure:4277: gcc -o conftest -g   conftest.c  >&5
configure:4277: $? = 0
configure:4277: ./conftest
configure:4277: $? = 0
configure:4291: result: 8
configure:4302: checking whether byte ordering is bigendian
configure:4317: gcc -c -g  conftest.c >&5
conftest.c:26:9: error: unknown type name 'not'
conftest.c:26:15: error: expected '=', ',', ';', 'asm' or '__attribute__' before 'universal'
conftest.c:26:15: error: unknown type name 'universal'
configure:4317: $? = 1
configure: failed program was:
| /* confdefs.h */
| #define PACKAGE_NAME ""
| #define PACKAGE_TARNAME ""
| #define PACKAGE_VERSION ""
| #define PACKAGE_STRING ""
| #define PACKAGE_BUGREPORT ""
| #define PACKAGE_URL ""
| #define MAGIC_VERSION "8.1"
| #define MAGIC_REVISION "1"
| #define STDC_HEADERS 1
| #define HAVE_SYS_TYPES_H 1
| #define HAVE_SYS_STAT_H 1
| #define HAVE_STDLIB_H 1
| #define HAVE_STRING_H 1
| #define HAVE_MEMORY_H 1
| #define HAVE_STRINGS_H 1
| #define HAVE_INTTYPES_H 1
| #define HAVE_STDINT_H 1
| #define HAVE_UNISTD_H 1
| #define SIZEOF_VOID_P 8
| #define SIZEOF_UNSIGNED_INT 4
| #define SIZEOF_UNSIGNED_LONG 8
| #define SIZEOF_UNSIGNED_LONG_LONG 8
| /* end confdefs.h.  */
| #ifndef __APPLE_CC__
| 	       not a universal capable compiler
| 	     #endif
| 	     typedef int dummy;
| 
configure:4362: gcc -c -g  conftest.c >&5
configure:4362: $? = 0
configure:4380: gcc -c -g  conftest.c >&5
conftest.c: In function 'main':
conftest.c:32:4: error: unknown type name 'not'
conftest.c:32:12: error: expected '=', ',', ';', 'asm' or '__attribute__' before 'endian'
configure:4380: $? = 1
configure: failed program was:
| /* confdefs.h */
| #define PACKAGE_NAME ""
| #define PACKAGE_TARNAME ""
| #define PACKAGE_VERSION ""
| #define PACKAGE_STRING ""
| #define PACKAGE_BUGREPORT ""
| #define PACKAGE_URL ""
| #define MAGIC_VERSION "8.1"
| #define MAGIC_REVISION "1"
| #define STDC_HEADERS 1
| #define HAVE_SYS_TYPES_H 1
| #define HAVE_SYS_STAT_H 1
| #define HAVE_STDLIB_H 1
| #define HAVE_STRING_H 1
| #define HAVE_MEMORY_H 1
| #define HAVE_STRINGS_H 1
| #define HAVE_INTTYPES_H 1
| #define HAVE_STDINT_H 1
| #define HAVE_UNISTD_H 1
| #define SIZEOF_VOID_P 8
| #define SIZEOF_UNSIGNED_INT 4
| #define SIZEOF_UNSIGNED_LONG 8
| #define SIZEOF_UNSIGNED_LONG_LONG 8
| /* end confdefs.h.  */
| #include <sys/types.h>
| 		#include <sys/param.h>
| 
| int
| main ()
| {
| #if BYTE_ORDER != BIG_ENDIAN
| 		 not big endian
| 		#endif
| 
|   ;
|   return 0;
| }
configure:4508: result: no
configure:4527: checking for ANSI C header files
configure:4631: result: yes
configure:4643: checking for setenv
configure:4643: gcc -o conftest -g   conftest.c  >&5
configure:4643: $? = 0
configure:4643: result: yes
configure:4643: checking for putenv
configure:4643: gcc -o conftest -g   conftest.c  >&5
configure:4643: $? = 0
configure:4643: result: yes
configure:4653: checking for vfork
configure:4653: gcc -o conftest -g   conftest.c  >&5
configure:4653: $? = 0
configure:4653: result: yes
configure:4661: checking sys/mman.h usability
configure:4661: gcc -c -g  conftest.c >&5
configure:4661: $? = 0
configure:4661: result: yes
configure:4661: checking sys/mman.h presence
configure:4661: gcc -E -x c  conftest.c
configure:4661: $? = 0
configure:4661: result: yes
configure:4661: checking for sys/mman.h
configure:4661: result: yes
configure:4674: checking dirent.h usability
configure:4674: gcc -c -g  conftest.c >&5
configure:4674: $? = 0
configure:4674: result: yes
configure:4674: checking dirent.h presence
configure:4674: gcc -E -x c  conftest.c
configure:4674: $? = 0
configure:4674: result: yes
configure:4674: checking for dirent.h
configure:4674: result: yes
configure:4687: checking limits.h usability
configure:4687: gcc -c -g  conftest.c >&5
configure:4687: $? = 0
configure:4687: result: yes
configure:4687: checking limits.h presence
configure:4687: gcc -E -x c  conftest.c
configure:4687: $? = 0
configure:4687: result: yes
configure:4687: checking for limits.h
configure:4687: result: yes
configure:4700: checking param.h usability
configure:4700: gcc -c -g  conftest.c >&5
conftest.c:64:19: fatal error: param.h: No such file or directory
compilation terminated.
configure:4700: $? = 1
configure: failed program was:
| /* confdefs.h */
| #define PACKAGE_NAME ""
| #define PACKAGE_TARNAME ""
| #define PACKAGE_VERSION ""
| #define PACKAGE_STRING ""
| #define PACKAGE_BUGREPORT ""
| #define PACKAGE_URL ""
| #define MAGIC_VERSION "8.1"
| #define MAGIC_REVISION "1"
| #define STDC_HEADERS 1
| #define HAVE_SYS_TYPES_H 1
| #define HAVE_SYS_STAT_H 1
| #define HAVE_STDLIB_H 1
| #define HAVE_STRING_H 1
| #define HAVE_MEMORY_H 1
| #define HAVE_STRINGS_H 1
| #define HAVE_INTTYPES_H 1
| #define HAVE_STDINT_H 1
| #define HAVE_UNISTD_H 1
| #define SIZEOF_VOID_P 8
| #define SIZEOF_UNSIGNED_INT 4
| #define SIZEOF_UNSIGNED_LONG 8
| #define SIZEOF_UNSIGNED_LONG_LONG 8
| #define STDC_HEADERS 1
| #define HAVE_SETENV 1
| #define HAVE_PUTENV 1
| #define HAVE_SYS_MMAN_H 1
| #define HAVE_DIRENT_H 1
| #define HAVE_LIMITS_H 1
| /* end confdefs.h.  */
| #include <stdio.h>
| #ifdef HAVE_SYS_TYPES_H
| # include <sys/types.h>
| #endif
| #ifdef HAVE_SYS_STAT_H
| # include <sys/stat.h>
| #endif
| #ifdef STDC_HEADERS
| # include <stdlib.h>
| # include <stddef.h>
| #else
| # ifdef HAVE_STDLIB_H
| #  include <stdlib.h>
| # endif
| #endif
| #ifdef HAVE_STRING_H
| # if !defined STDC_HEADERS && defined HAVE_MEMORY_H
| #  include <memory.h>
| # endif
| # include <string.h>
| #endif
| #ifdef HAVE_STRINGS_H
| # include <strings.h>
| #endif
| #ifdef HAVE_INTTYPES_H
| # include <inttypes.h>
| #endif
| #ifdef HAVE_STDINT_H
| # include <stdint.h>
| #endif
| #ifdef HAVE_UNISTD_H
| # include <unistd.h>
| #endif
| #include <param.h>
configure:4700: result: no
configure:4700: checking param.h presence
configure:4700: gcc -E -x c  conftest.c
conftest.c:31:19: fatal error: param.h: No such file or directory
compilation terminated.
configure:4700: $? = 1
configure: failed program was:
| /* confdefs.h */
| #define PACKAGE_NAME ""
| #define PACKAGE_TARNAME ""
| #define PACKAGE_VERSION ""
| #define PACKAGE_STRING ""
| #define PACKAGE_BUGREPORT ""
| #define PACKAGE_URL ""
| #define MAGIC_VERSION "8.1"
| #define MAGIC_REVISION "1"
| #define STDC_HEADERS 1
| #define HAVE_SYS_TYPES_H 1
| #define HAVE_SYS_STAT_H 1
| #define HAVE_STDLIB_H 1
| #define HAVE_STRING_H 1
| #define HAVE_MEMORY_H 1
| #define HAVE_STRINGS_H 1
| #define HAVE_INTTYPES_H 1
| #define HAVE_STDINT_H 1
| #define HAVE_UNISTD_H 1
| #define SIZEOF_VOID_P 8
| #define SIZEOF_UNSIGNED_INT 4
| #define SIZEOF_UNSIGNED_LONG 8
| #define SIZEOF_UNSIGNED_LONG_LONG 8
| #define STDC_HEADERS 1
| #define HAVE_SETENV 1
| #define HAVE_PUTENV 1
| #define HAVE_SYS_MMAN_H 1
| #define HAVE_DIRENT_H 1
| #define HAVE_LIMITS_H 1
| /* end confdefs.h.  */
| #include <param.h>
configure:4700: result: no
configure:4700: checking for param.h
configure:4700: result: no
configure:4713: checking paths.h usability
configure:4713: gcc -c -g  conftest.c >&5
configure:4713: $? = 0
configure:4713: result: yes
configure:4713: checking paths.h presence
configure:4713: gcc -E -x c  conftest.c
configure:4713: $? = 0
configure:4713: result: yes
configure:4713: checking for paths.h
configure:4713: result: yes
configure:4724: checking for va_copy
configure:4742: gcc -o conftest -g   conftest.c  >&5
configure:4742: $? = 0
configure:4751: result: yes
configure:4759: checking for __va_copy
configure:4777: gcc -o conftest -g   conftest.c  >&5
configure:4777: $? = 0
configure:4786: result: yes
configure:5001: checking for gcore
configure:5019: found /usr/bin/gcore
configure:5032: result: /usr/bin/gcore
configure:5044: checking for csh
configure:5062: found /bin/csh
configure:5075: result: /bin/csh
configure:5089: checking for X
configure:5228: gcc -o conftest -g   conftest.c -lX11  >&5
configure:5228: $? = 0
configure:5278: result: libraries , headers 
configure:5377: gcc -o conftest -g   conftest.c   -lX11 >&5
configure:5377: $? = 0
configure:5475: checking for gethostbyname
configure:5475: gcc -o conftest -g   conftest.c  >&5
configure:5475: $? = 0
configure:5475: result: yes
configure:5572: checking for connect
configure:5572: gcc -o conftest -g   conftest.c  >&5
configure:5572: $? = 0
configure:5572: result: yes
configure:5621: checking for remove
configure:5621: gcc -o conftest -g   conftest.c  >&5
configure:5621: $? = 0
configure:5621: result: yes
configure:5670: checking for shmat
configure:5670: gcc -o conftest -g   conftest.c  >&5
configure:5670: $? = 0
configure:5670: result: yes
configure:5728: checking for IceConnectionNumber in -lICE
configure:5753: gcc -o conftest -g   conftest.c -lICE   >&5
configure:5753: $? = 0
configure:5762: result: yes
configure:5794: checking for XOpenDevice in -lXi
configure:5819: gcc -o conftest -g   conftest.c -lXi   >&5
configure:5819: $? = 0
configure:5828: result: yes
configure:5834: checking for XmuInternAtom in -lXmu
configure:5859: gcc -o conftest -g   conftest.c -lXmu   >&5
configure:5859: $? = 0
configure:5868: result: yes
configure:5874: checking for XextFindDisplay in -lXext
configure:5899: gcc -o conftest -g   conftest.c -lXext   >&5
configure:5899: $? = 0
configure:5908: result: yes
configure:5988: checking for tclConfig.sh
configure:6062: result: /usr/lib64/tclConfig.sh
configure:6078: checking for tkConfig.sh
configure:6151: result: /usr/lib64/tkConfig.sh
configure:6266: checking for wish executable
configure:6294: result: /usr/bin/wish
configure:6300: checking for tclsh executable
configure:6326: result: /usr/bin/tclsh
configure:7018: checking GL/gl.h usability
configure:7018: gcc -c -g   conftest.c >&5
configure:7018: $? = 0
configure:7018: result: yes
configure:7018: checking GL/gl.h presence
configure:7018: gcc -E -x c   conftest.c
configure:7018: $? = 0
configure:7018: result: yes
configure:7018: checking for GL/gl.h
configure:7018: result: yes
configure:7036: checking for glXCreateContext in -lGL
configure:7061: gcc -o conftest -g     -lm conftest.c -lGL   >&5
configure:7061: $? = 0
configure:7070: result: yes
configure:7086: checking for gluNewTess in -lGLU
configure:7111: gcc -o conftest -g     -lm conftest.c -lGLU  -lGL  >&5
configure:7111: $? = 0
configure:7120: result: yes
configure:7756: checking for g++
configure:7772: found /usr/bin/g++
configure:7783: result: g++
configure:7810: checking for C++ compiler version
configure:7819: g++ --version >&5
g++ (GCC) 4.6.3 20120306 (Red Hat 4.6.3-2)
Copyright (C) 2011 Free Software Foundation, Inc.
This is free software; see the source for copying conditions.  There is NO
warranty; not even for MERCHANTABILITY or FITNESS FOR A PARTICULAR PURPOSE.

configure:7830: $? = 0
configure:7819: g++ -v >&5
Using built-in specs.
COLLECT_GCC=g++
COLLECT_LTO_WRAPPER=/usr/libexec/gcc/x86_64-redhat-linux/4.6.3/lto-wrapper
Target: x86_64-redhat-linux
Configured with: ../configure --prefix=/usr --mandir=/usr/share/man --infodir=/usr/share/info --with-bugurl=http://bugzilla.redhat.com/bugzilla --enable-bootstrap --enable-shared --enable-threads=posix --enable-checking=release --with-system-zlib --enable-__cxa_atexit --disable-libunwind-exceptions --enable-gnu-unique-object --enable-linker-build-id --enable-languages=c,c++,objc,obj-c++,java,fortran,ada,go,lto --enable-plugin --enable-java-awt=gtk --disable-dssi --with-java-home=/usr/lib/jvm/java-1.5.0-gcj-1.5.0.0/jre --enable-libgcj-multifile --enable-java-maintainer-mode --with-ecj-jar=/usr/share/java/eclipse-ecj.jar --disable-libjava-multilib --with-ppl --with-cloog --with-tune=generic --with-arch_32=i686 --build=x86_64-redhat-linux
Thread model: posix
gcc version 4.6.3 20120306 (Red Hat 4.6.3-2) (GCC) 
configure:7830: $? = 0
configure:7819: g++ -V >&5
g++: error: unrecognized option '-V'
g++: fatal error: no input files
compilation terminated.
configure:7830: $? = 4
configure:7819: g++ -qversion >&5
g++: error: unrecognized option '-qversion'
g++: fatal error: no input files
compilation terminated.
configure:7830: $? = 4
configure:7834: checking whether we are using the GNU C++ compiler
configure:7853: g++ -c   conftest.cpp >&5
configure:7853: $? = 0
configure:7862: result: yes
configure:7871: checking whether g++ accepts -g
configure:7891: g++ -c -g  conftest.cpp >&5
configure:7891: $? = 0
configure:7932: result: yes
configure:8149: creating ./config.status

## ---------------------- ##
## Running config.status. ##
## ---------------------- ##

This file was extended by config.status, which was
generated by GNU Autoconf 2.68.  Invocation command line was

  CONFIG_FILES    = 
  CONFIG_HEADERS  = 
  CONFIG_LINKS    = 
  CONFIG_COMMANDS = 
  $ ./config.status 

on stravinsky.tim.linglan.net

config.status:806: creating defs.mak
config.status:909: WARNING:  'defs.mak.in' seems to ignore the --datarootdir setting

## ---------------- ##
## Cache variables. ##
## ---------------- ##

ac_cv_build=x86_64-unknown-linux-gnu
ac_cv_c___va_copy=yes
ac_cv_c_bigendian=no
ac_cv_c_compiler_gnu=yes
ac_cv_c_va_copy=yes
ac_cv_cxx_compiler_gnu=yes
ac_cv_env_CCC_set=
ac_cv_env_CCC_value=
ac_cv_env_CC_set=
ac_cv_env_CC_value=
ac_cv_env_CFLAGS_set=set
ac_cv_env_CFLAGS_value=-g
ac_cv_env_CPPFLAGS_set=
ac_cv_env_CPPFLAGS_value=
ac_cv_env_CPP_set=
ac_cv_env_CPP_value=
ac_cv_env_CXXFLAGS_set=
ac_cv_env_CXXFLAGS_value=
ac_cv_env_CXX_set=
ac_cv_env_CXX_value=
ac_cv_env_LDFLAGS_set=
ac_cv_env_LDFLAGS_value=
ac_cv_env_LIBS_set=
ac_cv_env_LIBS_value=
ac_cv_env_XMKMF_set=
ac_cv_env_XMKMF_value=
ac_cv_env_build_alias_set=
ac_cv_env_build_alias_value=
ac_cv_env_host_alias_set=
ac_cv_env_host_alias_value=
ac_cv_env_target_alias_set=
ac_cv_env_target_alias_value=
ac_cv_func_connect=yes
ac_cv_func_gethostbyname=yes
ac_cv_func_putenv=yes
ac_cv_func_remove=yes
ac_cv_func_setenv=yes
ac_cv_func_shmat=yes
ac_cv_func_vfork=yes
ac_cv_have_x='have_x=yes	ac_x_includes='\'''\''	ac_x_libraries='\'''\'''
ac_cv_header_GL_gl_h=yes
ac_cv_header_dirent_h=yes
ac_cv_header_inttypes_h=yes
ac_cv_header_limits_h=yes
ac_cv_header_memory_h=yes
ac_cv_header_param_h=no
ac_cv_header_paths_h=yes
ac_cv_header_stdc=yes
ac_cv_header_stdint_h=yes
ac_cv_header_stdlib_h=yes
ac_cv_header_string_h=yes
ac_cv_header_strings_h=yes
ac_cv_header_sys_mman_h=yes
ac_cv_header_sys_stat_h=yes
ac_cv_header_sys_types_h=yes
ac_cv_header_unistd_h=yes
ac_cv_host=x86_64-unknown-linux-gnu
ac_cv_lib_GLU_gluNewTess=yes
ac_cv_lib_GL_glXCreateContext=yes
ac_cv_lib_ICE_IceConnectionNumber=yes
ac_cv_lib_Xext_XextFindDisplay=yes
ac_cv_lib_Xi_XOpenDevice=yes
ac_cv_lib_Xmu_XmuInternAtom=yes
ac_cv_objext=o
ac_cv_path_CSH=/bin/csh
ac_cv_path_EGREP='/bin/grep -E'
ac_cv_path_GCORE=/usr/bin/gcore
ac_cv_path_GREP=/bin/grep
ac_cv_path_LD=/usr/bin/ld
ac_cv_path_M4=/usr/bin/m4
ac_cv_path_install='/usr/bin/install -c'
ac_cv_prog_CPP='gcc -E'
ac_cv_prog_ac_ct_CC=gcc
ac_cv_prog_ac_ct_CXX=g++
ac_cv_prog_ac_ct_RANLIB=ranlib
ac_cv_prog_cc_c89=
ac_cv_prog_cc_g=yes
ac_cv_prog_cxx_g=yes
ac_cv_prog_gnu_ld=yes
ac_cv_search_strerror='none required'
ac_cv_sizeof_unsigned_int=4
ac_cv_sizeof_unsigned_long=8
ac_cv_sizeof_unsigned_long_long=8
ac_cv_sizeof_void_p=8
ac_cv_target=x86_64-unknown-linux-gnu

## ----------------- ##
## Output variables. ##
## ----------------- ##

ALL_TARGET='tcl'
CC='gcc'
CFLAGS='-g -m64 -fPIC'
CPP='gcc -E -x c'
CPPFLAGS=''
CSH='/bin/csh'
CXX='g++'
CXXFLAGS='-g -O2'
DEFS='-DPACKAGE_NAME=\"\" -DPACKAGE_TARNAME=\"\" -DPACKAGE_VERSION=\"\" -DPACKAGE_STRING=\"\" -DPACKAGE_BUGREPORT=\"\" -DPACKAGE_URL=\"\" -DMAGIC_VERSION=\"8.1\" -DMAGIC_REVISION=\"1\" -DSTDC_HEADERS=1 -DHAVE_SYS_TYPES_H=1 -DHAVE_SYS_STAT_H=1 -DHAVE_STDLIB_H=1 -DHAVE_STRING_H=1 -DHAVE_MEMORY_H=1 -DHAVE_STRINGS_H=1 -DHAVE_INTTYPES_H=1 -DHAVE_STDINT_H=1 -DHAVE_UNISTD_H=1 -DSIZEOF_VOID_P=8 -DSIZEOF_UNSIGNED_INT=4 -DSIZEOF_UNSIGNED_LONG=8 -DSIZEOF_UNSIGNED_LONG_LONG=8 -DSTDC_HEADERS=1 -DHAVE_SETENV=1 -DHAVE_PUTENV=1 -DHAVE_SYS_MMAN_H=1 -DHAVE_DIRENT_H=1 -DHAVE_LIMITS_H=1 -DHAVE_PATHS_H=1 -DHAVE_VA_COPY=1 -DHAVE___VA_COPY=1 -DFILE_LOCKS=1 -DCALMA_MODULE=1 -DCIF_MODULE=1 -DX11_BACKING_STORE=1 -DPLOT_MODULE=1 -DLEF_MODULE=1 -DROUTE_MODULE=1 -DUSE_NEW_MACROS=1 -DHAVE_LIBGL=1 -DHAVE_LIBGLU=1 -DVECTOR_FONTS=1 -DMAGIC_WRAPPER=1 -DTHREE_D=1 -Dlinux=1 -DSYSV=1 -DISC=1'
DEPEND_FLAG='-MM'
ECHO_C=''
ECHO_N='printf'
ECHO_T=''
EGREP='/bin/grep -E'
EXEEXT=''
EXTRA_LIB_SPECS='-ldl'
GCORE='/usr/bin/gcore'
GREP='/bin/grep'
INC_SPECS=''
INSTALL_DATA='${INSTALL} -m 644'
INSTALL_PROGRAM='${INSTALL}'
INSTALL_SCRIPT='${INSTALL}'
INSTALL_TARGET='install-tcl'
LD='/usr/bin/ld'
LDDL_FLAGS='-shared -Wl,-soname,$@ -Wl,--version-script=${MAGICDIR}/magic/symbol.map'
LDFLAGS=''
LD_RUN_PATH=''
LIBOBJS=''
LIBS='-lGLU -lGL '
LIB_SPECS=' -L/usr/lib64 -ltk8.5 -L/usr/lib64 -ltcl8.5'
LTLIBOBJS=''
M4='/usr/bin/m4'
OA=''
OA_LIBS=''
OBJEXT='o'
PACKAGE='magic'
PACKAGE_BUGREPORT=''
PACKAGE_NAME=''
PACKAGE_STRING=''
PACKAGE_TARNAME=''
PACKAGE_URL=''
PACKAGE_VERSION=''
PATH_SEPARATOR=':'
RANLIB='ranlib'
SCRIPTS=''
SHDLIB_EXT='.so'
SHELL='/bin/sh'
SHLIB_CFLAGS='-Wimplicit-int -fPIC'
SHLIB_LD=''
SHLIB_LIB_SPECS=''
TCLSH_EXE='/usr/bin/tclsh'
TCL_LIB_DIR='/usr/lib'
WISH_EXE='/usr/bin/wish'
XMKMF=''
X_CFLAGS=''
X_EXTRA_LIBS=''
X_LIBS=''
X_PRE_LIBS=' -lSM -lICE'
ac_ct_CC='gcc'
ac_ct_CXX='g++'
bindir='${exec_prefix}/bin'
build='x86_64-unknown-linux-gnu'
build_alias=''
build_cpu='x86_64'
build_os='linux-gnu'
build_vendor='unknown'
cadinstall=' graphics tcltk'
datadir='${datarootdir}'
datarootdir='${prefix}/share'
docdir='${datarootdir}/doc/${PACKAGE}'
dvidir='${docdir}'
exec_prefix='${prefix}'
extra_defs=' -DCAD_DIR=\"${LIBDIR}\" -DBIN_DIR=\"${BINDIR}\" -DTCL_DIR=\"${TCLDIR}\"'
extra_libs=' ${MAGICDIR}/ext2sim/libext2sim.o ${MAGICDIR}/ext2spice/libext2spice.o ${MAGICDIR}/calma/libcalma.o ${MAGICDIR}/cif/libcif.o ${MAGICDIR}/plot/libplot.o ${MAGICDIR}/lef/liblef.o ${MAGICDIR}/extflat/libextflat.o ${MAGICDIR}/garouter/libgarouter.o 	${MAGICDIR}/mzrouter/libmzrouter.o ${MAGICDIR}/router/librouter.o 	${MAGICDIR}/irouter/libirouter.o ${MAGICDIR}/grouter/libgrouter.o 	${MAGICDIR}/gcr/libgcr.o ${MAGICDIR}/tcltk/libtcltk.o'
gr_cflags=''
gr_dflags=' -DX11 -DXLIB -DOGL'
gr_hprog=''
gr_hsrcs=''
gr_libs=' -lX11 -lGL -lGLU -lXi -lXmu -lXext -lm -lstdc++'
gr_srcs=' ${TK_SRCS} ${TOGL_SRCS} ${TKCOMMON_SRCS}'
host='x86_64-unknown-linux-gnu'
host_alias=''
host_cpu='x86_64'
host_os='linux-gnu'
host_vendor='unknown'
htmldir='${docdir}'
includedir='${prefix}/include'
infodir='${datarootdir}/info'
ld_extra_libs=''
ld_extra_objs=''
libdir='${exec_prefix}/lib'
libexecdir='${exec_prefix}/libexec'
localedir='${datarootdir}/locale'
localstatedir='${prefix}/var'
mandir='${datarootdir}/man'
modules=' ext2sim ext2spice calma cif plot lef garouter grouter irouter mzrouter router gcr tcltk'
oldincludedir='/usr/include'
pdfdir='${docdir}'
prefix='/usr/local'
program_transform_name='s,x,x,'
programs=' net2ir tcltk'
psdir='${docdir}'
rl_defs=''
rl_libs=''
sbindir='${exec_prefix}/sbin'
sharedstatedir='${prefix}/com'
sub_extra_libs=''
sysconfdir='${prefix}/etc'
target='x86_64-unknown-linux-gnu'
target_alias=''
target_cpu='x86_64'
target_os='linux-gnu'
target_vendor='unknown'
top_extra_libs=''
unused=' readline lisp'

## ----------- ##
## confdefs.h. ##
## ----------- ##

/* confdefs.h */
#define PACKAGE_NAME ""
#define PACKAGE_TARNAME ""
#define PACKAGE_VERSION ""
#define PACKAGE_STRING ""
#define PACKAGE_BUGREPORT ""
#define PACKAGE_URL ""
#define MAGIC_VERSION "8.1"
#define MAGIC_REVISION "1"
#define STDC_HEADERS 1
#define HAVE_SYS_TYPES_H 1
#define HAVE_SYS_STAT_H 1
#define HAVE_STDLIB_H 1
#define HAVE_STRING_H 1
#define HAVE_MEMORY_H 1
#define HAVE_STRINGS_H 1
#define HAVE_INTTYPES_H 1
#define HAVE_STDINT_H 1
#define HAVE_UNISTD_H 1
#define SIZEOF_VOID_P 8
#define SIZEOF_UNSIGNED_INT 4
#define SIZEOF_UNSIGNED_LONG 8
#define SIZEOF_UNSIGNED_LONG_LONG 8
#define STDC_HEADERS 1
#define HAVE_SETENV 1
#define HAVE_PUTENV 1
#define HAVE_SYS_MMAN_H 1
#define HAVE_DIRENT_H 1
#define HAVE_LIMITS_H 1
#define HAVE_PATHS_H 1
#define HAVE_VA_COPY 1
#define HAVE___VA_COPY 1
#define FILE_LOCKS 1
#define CALMA_MODULE 1
#define CIF_MODULE 1
#define X11_BACKING_STORE 1
#define PLOT_MODULE 1
#define LEF_MODULE 1
#define ROUTE_MODULE 1
#define USE_NEW_MACROS 1
#define HAVE_LIBGL 1
#define HAVE_LIBGLU 1
#define VECTOR_FONTS 1
#define MAGIC_WRAPPER 1
#define THREE_D 1
#define linux 1
#define SYSV 1
#define ISC 1

configure: exit 0
